Started GET "/" for 127.0.0.1 at 2017-08-10 15:49:47 +0200
Processing by WelcomeController#index as HTML
  Rendering welcome/index.html.erb within layouts/application
  Rendered welcome/index.html.erb within layouts/application (0.9ms)
Completed 200 OK in 585ms (Views: 403.4ms)


Started GET "/" for 127.0.0.1 at 2017-08-10 15:55:20 +0200
Processing by WelcomeController#index as HTML
  Rendering welcome/index.html.erb within layouts/application
  Rendered welcome/index.html.erb within layouts/application (1.5ms)
Completed 200 OK in 68ms (Views: 63.7ms)


Started GET "/" for 127.0.0.1 at 2017-08-11 11:04:41 +0200
Processing by WelcomeController#index as HTML
  Rendering welcome/index.html.erb within layouts/application
  Rendered welcome/index.html.erb within layouts/application (0.5ms)
Completed 200 OK in 298ms (Views: 122.5ms)


Started GET "/" for 127.0.0.1 at 2017-08-11 11:04:42 +0200
Processing by WelcomeController#index as HTML
  Rendering welcome/index.html.erb within layouts/application
  Rendered welcome/index.html.erb within layouts/application (0.6ms)
Completed 200 OK in 22ms (Views: 18.9ms)


